<?xml version="1.0" encoding="UTF-8"?>
<!-- Generated by org.testng.reporters.JUnitReportReporter -->
<testsuite hostname="IN-LT71196" name="com.citi.gr.CitiMain" tests="1" failures="0" timestamp="25 Sep 2017 12:29:50 GMT" time="429.763" errors="0">
  <testcase name="main" time="429.763" classname="com.citi.gr.CitiMain"/>
</testsuite> <!-- com.citi.gr.CitiMain -->
