<?xml version="1.0" encoding="UTF-8"?>
<!-- Generated by org.testng.reporters.JUnitReportReporter -->
<testsuite hostname="IN-LT71218" name="gr.CitiMain" tests="1" failures="0" timestamp="20 Jun 2017 07:31:20 GMT" time="63.378" errors="0">
  <testcase name="main" time="63.378" classname="gr.CitiMain"/>
</testsuite> <!-- gr.CitiMain -->
